30-Jun-2023 12:31:00.403 INFO [main] org.apache.catalina.startup.VersionLoggerListener.log Nombre de la versión del servidor: Apache Tomcat/10.1.10
30-Jun-2023 12:31:00.405 INFO [main] org.apache.catalina.startup.VersionLoggerListener.log Server built:                      Jun 2 2023 18:11:59 UTC
30-Jun-2023 12:31:00.405 INFO [main] org.apache.catalina.startup.VersionLoggerListener.log Número de versión de servidor:     10.1.10.0
30-Jun-2023 12:31:00.405 INFO [main] org.apache.catalina.startup.VersionLoggerListener.log OS Name:                           Mac OS X
30-Jun-2023 12:31:00.405 INFO [main] org.apache.catalina.startup.VersionLoggerListener.log Versión de Systema Operativo:      13.2
30-Jun-2023 12:31:00.405 INFO [main] org.apache.catalina.startup.VersionLoggerListener.log Arquitectura:                      aarch64
30-Jun-2023 12:31:00.405 INFO [main] org.apache.catalina.startup.VersionLoggerListener.log Java Home:                         /Library/Java/JavaVirtualMachines/jdk-11.0.17.jdk/Contents/Home
30-Jun-2023 12:31:00.405 INFO [main] org.apache.catalina.startup.VersionLoggerListener.log JVM Version:                       11.0.17+10-LTS-269
30-Jun-2023 12:31:00.405 INFO [main] org.apache.catalina.startup.VersionLoggerListener.log Vededor JVM:                       Oracle Corporation
30-Jun-2023 12:31:00.405 INFO [main] org.apache.catalina.startup.VersionLoggerListener.log CATALINA_BASE:                     /Users/adrian/Downloads/apache-tomcat-10.1.10
30-Jun-2023 12:31:00.405 INFO [main] org.apache.catalina.startup.VersionLoggerListener.log CATALINA_HOME:                     /Users/adrian/Downloads/apache-tomcat-10.1.10
30-Jun-2023 12:31:00.457 INFO [main] org.apache.catalina.startup.VersionLoggerListener.log Command line argument:             -Djava.util.logging.config.file=/Users/adrian/Downloads/apache-tomcat-10.1.10/conf/logging.properties
30-Jun-2023 12:31:00.457 INFO [main] org.apache.catalina.startup.VersionLoggerListener.log Command line argument:             -Djava.util.logging.manager=org.apache.juli.ClassLoaderLogManager
30-Jun-2023 12:31:00.457 INFO [main] org.apache.catalina.startup.VersionLoggerListener.log Command line argument:             -Djdk.tls.ephemeralDHKeySize=2048
30-Jun-2023 12:31:00.457 INFO [main] org.apache.catalina.startup.VersionLoggerListener.log Command line argument:             -Djava.protocol.handler.pkgs=org.apache.catalina.webresources
30-Jun-2023 12:31:00.457 INFO [main] org.apache.catalina.startup.VersionLoggerListener.log Command line argument:             -Dorg.apache.catalina.security.SecurityListener.UMASK=0027
30-Jun-2023 12:31:00.457 INFO [main] org.apache.catalina.startup.VersionLoggerListener.log Command line argument:             --add-opens=java.base/java.lang=ALL-UNNAMED
30-Jun-2023 12:31:00.457 INFO [main] org.apache.catalina.startup.VersionLoggerListener.log Command line argument:             --add-opens=java.base/java.io=ALL-UNNAMED
30-Jun-2023 12:31:00.457 INFO [main] org.apache.catalina.startup.VersionLoggerListener.log Command line argument:             --add-opens=java.base/java.util=ALL-UNNAMED
30-Jun-2023 12:31:00.457 INFO [main] org.apache.catalina.startup.VersionLoggerListener.log Command line argument:             --add-opens=java.base/java.util.concurrent=ALL-UNNAMED
30-Jun-2023 12:31:00.457 INFO [main] org.apache.catalina.startup.VersionLoggerListener.log Command line argument:             --add-opens=java.rmi/sun.rmi.transport=ALL-UNNAMED
30-Jun-2023 12:31:00.457 INFO [main] org.apache.catalina.startup.VersionLoggerListener.log Command line argument:             -Dcatalina.base=/Users/adrian/Downloads/apache-tomcat-10.1.10
30-Jun-2023 12:31:00.457 INFO [main] org.apache.catalina.startup.VersionLoggerListener.log Command line argument:             -Dcatalina.home=/Users/adrian/Downloads/apache-tomcat-10.1.10
30-Jun-2023 12:31:00.457 INFO [main] org.apache.catalina.startup.VersionLoggerListener.log Command line argument:             -Djava.io.tmpdir=/Users/adrian/Downloads/apache-tomcat-10.1.10/temp
30-Jun-2023 12:31:00.462 INFO [main] org.apache.catalina.core.AprLifecycleListener.lifecycleEvent La biblioteca nativa de Apache Tomcat basada en ARP que permite un rendimiento óptimo en entornos de desarrollo no ha sido hallada en java.library.path: [/Users/adrian/Library/Java/Extensions:/Library/Java/Extensions:/Network/Library/Java/Extensions:/System/Library/Java/Extensions:/usr/lib/java:.]
30-Jun-2023 12:31:00.591 INFO [main] org.apache.coyote.AbstractProtocol.init Inicializando el manejador de protocolo ["http-nio-8080"]

30-Jun-2023 12:31:00.632 INFO [main] org.apache.catalina.startup.Catalina.load Server initialization in [340] milliseconds
30-Jun-2023 12:31:00.653 INFO [main] org.apache.catalina.core.StandardService.startInternal Arrancando servicio [Catalina]
30-Jun-2023 12:31:00.653 INFO [main] org.apache.catalina.core.StandardEngine.startInternal Starting Servlet engine: [Apache Tomcat/10.1.10]
30-Jun-2023 12:31:00.658 INFO [main] org.apache.catalina.startup.HostConfig.deployDirectory Desplegando el directorio [/Users/adrian/Downloads/apache-tomcat-10.1.10/webapps/docs] de la aplicación web
30-Jun-2023 12:31:00.845 INFO [main] org.apache.catalina.startup.HostConfig.deployDirectory Deployment of web application directory [/Users/adrian/Downloads/apache-tomcat-10.1.10/webapps/docs] has finished in [186] ms
30-Jun-2023 12:31:00.845 INFO [main] org.apache.catalina.startup.HostConfig.deployDirectory Desplegando el directorio [/Users/adrian/Downloads/apache-tomcat-10.1.10/webapps/manager] de la aplicación web
30-Jun-2023 12:31:00.859 INFO [main] org.apache.catalina.startup.HostConfig.deployDirectory Deployment of web application directory [/Users/adrian/Downloads/apache-tomcat-10.1.10/webapps/manager] has finished in [14] ms
30-Jun-2023 12:31:00.859 INFO [main] org.apache.catalina.startup.HostConfig.deployDirectory Desplegando el directorio [/Users/adrian/Downloads/apache-tomcat-10.1.10/webapps/examples] de la aplicación web
30-Jun-2023 12:31:00.948 INFO [main] org.apache.catalina.startup.HostConfig.deployDirectory Deployment of web application directory [/Users/adrian/Downloads/apache-tomcat-10.1.10/webapps/examples] has finished in [89] ms
30-Jun-2023 12:31:00.949 INFO [main] org.apache.catalina.startup.HostConfig.deployDirectory Desplegando el directorio [/Users/adrian/Downloads/apache-tomcat-10.1.10/webapps/ROOT] de la aplicación web
30-Jun-2023 12:31:00.956 INFO [main] org.apache.catalina.startup.HostConfig.deployDirectory Deployment of web application directory [/Users/adrian/Downloads/apache-tomcat-10.1.10/webapps/ROOT] has finished in [7] ms
30-Jun-2023 12:31:00.956 INFO [main] org.apache.catalina.startup.HostConfig.deployDirectory Desplegando el directorio [/Users/adrian/Downloads/apache-tomcat-10.1.10/webapps/host-manager] de la aplicación web
30-Jun-2023 12:31:00.964 INFO [main] org.apache.catalina.startup.HostConfig.deployDirectory Deployment of web application directory [/Users/adrian/Downloads/apache-tomcat-10.1.10/webapps/host-manager] has finished in [8] ms
30-Jun-2023 12:31:00.967 INFO [main] org.apache.coyote.AbstractProtocol.start Starting ProtocolHandler ["http-nio-8080"]
30-Jun-2023 12:31:00.976 INFO [main] org.apache.catalina.startup.Catalina.start Server startup in [343] milliseconds
30-Jun-2023 12:31:42.121 INFO [main] org.apache.catalina.core.StandardServer.await Se ha recibido un comando de apagado a través del puerto de apagado. Parando la instancia del Servidor.
30-Jun-2023 12:31:42.121 INFO [main] org.apache.coyote.AbstractProtocol.pause Pausing ProtocolHandler ["http-nio-8080"]
30-Jun-2023 12:31:42.123 INFO [main] org.apache.catalina.core.StandardService.stopInternal Parando servicio [Catalina]
30-Jun-2023 12:31:42.139 INFO [main] org.apache.coyote.AbstractProtocol.stop Stopping ProtocolHandler ["http-nio-8080"]
30-Jun-2023 12:31:42.154 INFO [main] org.apache.coyote.AbstractProtocol.destroy Destroying ProtocolHandler ["http-nio-8080"]
30-Jun-2023 18:17:01.439 INFO [main] org.apache.catalina.startup.VersionLoggerListener.log Nombre de la versión del servidor: Apache Tomcat/10.1.10
30-Jun-2023 18:17:01.441 INFO [main] org.apache.catalina.startup.VersionLoggerListener.log Server built:                      Jun 2 2023 18:11:59 UTC
30-Jun-2023 18:17:01.441 INFO [main] org.apache.catalina.startup.VersionLoggerListener.log Número de versión de servidor:     10.1.10.0
30-Jun-2023 18:17:01.441 INFO [main] org.apache.catalina.startup.VersionLoggerListener.log OS Name:                           Mac OS X
30-Jun-2023 18:17:01.441 INFO [main] org.apache.catalina.startup.VersionLoggerListener.log Versión de Systema Operativo:      13.2
30-Jun-2023 18:17:01.441 INFO [main] org.apache.catalina.startup.VersionLoggerListener.log Arquitectura:                      aarch64
30-Jun-2023 18:17:01.441 INFO [main] org.apache.catalina.startup.VersionLoggerListener.log Java Home:                         /Library/Java/JavaVirtualMachines/jdk-11.0.17.jdk/Contents/Home
30-Jun-2023 18:17:01.441 INFO [main] org.apache.catalina.startup.VersionLoggerListener.log JVM Version:                       11.0.17+10-LTS-269
30-Jun-2023 18:17:01.441 INFO [main] org.apache.catalina.startup.VersionLoggerListener.log Vededor JVM:                       Oracle Corporation
30-Jun-2023 18:17:01.441 INFO [main] org.apache.catalina.startup.VersionLoggerListener.log CATALINA_BASE:                     /Users/adrian/Desktop/PruebaTecnica/apache-tomcat-10.1.10
30-Jun-2023 18:17:01.441 INFO [main] org.apache.catalina.startup.VersionLoggerListener.log CATALINA_HOME:                     /Users/adrian/Desktop/PruebaTecnica/apache-tomcat-10.1.10
30-Jun-2023 18:17:01.493 INFO [main] org.apache.catalina.startup.VersionLoggerListener.log Command line argument:             -Djava.util.logging.config.file=/Users/adrian/Desktop/PruebaTecnica/apache-tomcat-10.1.10/conf/logging.properties
30-Jun-2023 18:17:01.493 INFO [main] org.apache.catalina.startup.VersionLoggerListener.log Command line argument:             -Djava.util.logging.manager=org.apache.juli.ClassLoaderLogManager
30-Jun-2023 18:17:01.493 INFO [main] org.apache.catalina.startup.VersionLoggerListener.log Command line argument:             -Djdk.tls.ephemeralDHKeySize=2048
30-Jun-2023 18:17:01.493 INFO [main] org.apache.catalina.startup.VersionLoggerListener.log Command line argument:             -Djava.protocol.handler.pkgs=org.apache.catalina.webresources
30-Jun-2023 18:17:01.493 INFO [main] org.apache.catalina.startup.VersionLoggerListener.log Command line argument:             -Dorg.apache.catalina.security.SecurityListener.UMASK=0027
30-Jun-2023 18:17:01.493 INFO [main] org.apache.catalina.startup.VersionLoggerListener.log Command line argument:             --add-opens=java.base/java.lang=ALL-UNNAMED
30-Jun-2023 18:17:01.493 INFO [main] org.apache.catalina.startup.VersionLoggerListener.log Command line argument:             --add-opens=java.base/java.io=ALL-UNNAMED
30-Jun-2023 18:17:01.494 INFO [main] org.apache.catalina.startup.VersionLoggerListener.log Command line argument:             --add-opens=java.base/java.util=ALL-UNNAMED
30-Jun-2023 18:17:01.494 INFO [main] org.apache.catalina.startup.VersionLoggerListener.log Command line argument:             --add-opens=java.base/java.util.concurrent=ALL-UNNAMED
30-Jun-2023 18:17:01.494 INFO [main] org.apache.catalina.startup.VersionLoggerListener.log Command line argument:             --add-opens=java.rmi/sun.rmi.transport=ALL-UNNAMED
30-Jun-2023 18:17:01.494 INFO [main] org.apache.catalina.startup.VersionLoggerListener.log Command line argument:             -Dcatalina.base=/Users/adrian/Desktop/PruebaTecnica/apache-tomcat-10.1.10
30-Jun-2023 18:17:01.494 INFO [main] org.apache.catalina.startup.VersionLoggerListener.log Command line argument:             -Dcatalina.home=/Users/adrian/Desktop/PruebaTecnica/apache-tomcat-10.1.10
30-Jun-2023 18:17:01.494 INFO [main] org.apache.catalina.startup.VersionLoggerListener.log Command line argument:             -Djava.io.tmpdir=/Users/adrian/Desktop/PruebaTecnica/apache-tomcat-10.1.10/temp
30-Jun-2023 18:17:01.498 INFO [main] org.apache.catalina.core.AprLifecycleListener.lifecycleEvent La biblioteca nativa de Apache Tomcat basada en ARP que permite un rendimiento óptimo en entornos de desarrollo no ha sido hallada en java.library.path: [/Users/adrian/Library/Java/Extensions:/Library/Java/Extensions:/Network/Library/Java/Extensions:/System/Library/Java/Extensions:/usr/lib/java:.]
30-Jun-2023 18:17:01.624 INFO [main] org.apache.coyote.AbstractProtocol.init Inicializando el manejador de protocolo ["http-nio-8080"]

30-Jun-2023 18:17:01.666 INFO [main] org.apache.catalina.startup.Catalina.load Server initialization in [340] milliseconds
30-Jun-2023 18:17:01.689 INFO [main] org.apache.catalina.core.StandardService.startInternal Arrancando servicio [Catalina]
30-Jun-2023 18:17:01.689 INFO [main] org.apache.catalina.core.StandardEngine.startInternal Starting Servlet engine: [Apache Tomcat/10.1.10]
30-Jun-2023 18:17:01.694 INFO [main] org.apache.catalina.startup.HostConfig.deployDirectory Desplegando el directorio [/Users/adrian/Desktop/PruebaTecnica/apache-tomcat-10.1.10/webapps/docs] de la aplicación web
30-Jun-2023 18:17:01.896 INFO [main] org.apache.catalina.startup.HostConfig.deployDirectory Deployment of web application directory [/Users/adrian/Desktop/PruebaTecnica/apache-tomcat-10.1.10/webapps/docs] has finished in [201] ms
30-Jun-2023 18:17:01.896 INFO [main] org.apache.catalina.startup.HostConfig.deployDirectory Desplegando el directorio [/Users/adrian/Desktop/PruebaTecnica/apache-tomcat-10.1.10/webapps/manager] de la aplicación web
30-Jun-2023 18:17:01.911 INFO [main] org.apache.catalina.startup.HostConfig.deployDirectory Deployment of web application directory [/Users/adrian/Desktop/PruebaTecnica/apache-tomcat-10.1.10/webapps/manager] has finished in [15] ms
30-Jun-2023 18:17:01.911 INFO [main] org.apache.catalina.startup.HostConfig.deployDirectory Desplegando el directorio [/Users/adrian/Desktop/PruebaTecnica/apache-tomcat-10.1.10/webapps/examples] de la aplicación web
30-Jun-2023 18:17:02.011 INFO [main] org.apache.catalina.startup.HostConfig.deployDirectory Deployment of web application directory [/Users/adrian/Desktop/PruebaTecnica/apache-tomcat-10.1.10/webapps/examples] has finished in [100] ms
30-Jun-2023 18:17:02.012 INFO [main] org.apache.catalina.startup.HostConfig.deployDirectory Desplegando el directorio [/Users/adrian/Desktop/PruebaTecnica/apache-tomcat-10.1.10/webapps/ROOT] de la aplicación web
30-Jun-2023 18:17:02.019 INFO [main] org.apache.catalina.startup.HostConfig.deployDirectory Deployment of web application directory [/Users/adrian/Desktop/PruebaTecnica/apache-tomcat-10.1.10/webapps/ROOT] has finished in [7] ms
30-Jun-2023 18:17:02.019 INFO [main] org.apache.catalina.startup.HostConfig.deployDirectory Desplegando el directorio [/Users/adrian/Desktop/PruebaTecnica/apache-tomcat-10.1.10/webapps/host-manager] de la aplicación web
30-Jun-2023 18:17:02.028 INFO [main] org.apache.catalina.startup.HostConfig.deployDirectory Deployment of web application directory [/Users/adrian/Desktop/PruebaTecnica/apache-tomcat-10.1.10/webapps/host-manager] has finished in [9] ms
30-Jun-2023 18:17:02.033 INFO [main] org.apache.coyote.AbstractProtocol.start Starting ProtocolHandler ["http-nio-8080"]
30-Jun-2023 18:17:02.041 INFO [main] org.apache.catalina.startup.Catalina.start Server startup in [375] milliseconds
30-Jun-2023 18:27:47.643 INFO [main] org.apache.catalina.core.StandardServer.await Se ha recibido un comando de apagado a través del puerto de apagado. Parando la instancia del Servidor.
30-Jun-2023 18:27:47.643 INFO [main] org.apache.coyote.AbstractProtocol.pause Pausing ProtocolHandler ["http-nio-8080"]
30-Jun-2023 18:27:47.645 INFO [main] org.apache.catalina.core.StandardService.stopInternal Parando servicio [Catalina]
30-Jun-2023 18:27:47.656 INFO [main] org.apache.coyote.AbstractProtocol.stop Stopping ProtocolHandler ["http-nio-8080"]
30-Jun-2023 18:27:47.659 INFO [main] org.apache.coyote.AbstractProtocol.destroy Destroying ProtocolHandler ["http-nio-8080"]
